2026-04-09 01:06:18, MOVE, v:1, k:fup@jokenpo15, mode:DOWN
2026-04-09 01:06:21, MOVE, v:1, k:fup@jokenpo15, mode:PICK
2026-04-09 01:07:35, EXEC, v:1, k:fup@jokenpo15, mode:FULL, rate:8, size:13
2026-04-09 01:08:05, EXEC, v:1, k:fup@jokenpo15, mode:FULL, rate:50, size:13
2026-04-09 01:09:58, EXEC, v:1, k:fup@jokenpo15, mode:FULL, rate:50, size:13
2026-04-09 01:06:18, MOVE, v:1, k:fup@jokenpo15, mode:EDIT
2026-04-09 01:06:18, MOVE, v:1, k:fup@jokenpo15, mode:EDIT
2026-04-09 01:09:54, MOVE, v:1, k:fup@jokenpo15, mode:EDIT
2026-04-09 01:09:58, MOVE, v:1, k:fup@jokenpo15, mode:EDIT
2026-04-09 01:15:13, MOVE, v:1, k:fup@jokenpo15, mode:EDIT
2026-04-09 01:15:46, MOVE, v:1, k:fup@jokenpo15, mode:EDIT
2026-04-09 01:50:58, MOVE, v:1, k:fup@jokenpo15, mode:PICK
2026-04-09 01:51:11, EXEC, v:1, k:fup@jokenpo15, mode:FULL, rate:100, size:15
2026-04-09 01:51:28, MOVE, v:1, k:fup@jokenpo15, mode:BACK
2026-04-09 01:52:15, SELF, v:1, k:fup@jokenpo15, self:1, rate:100, concept:1, problem:1, refactor:1
2026-04-09 01:55:20, MOVE, v:1, k:fup@loops, mode:DOWN
2026-04-09 01:55:21, MOVE, v:1, k:fup@loops, mode:PICK
2026-04-09 01:55:20, MOVE, v:1, k:fup@loops, mode:EDIT
2026-04-09 01:55:20, MOVE, v:1, k:fup@loops, mode:EDIT
2026-04-09 01:58:30, MOVE, v:1, k:fup@loops, mode:EDIT
2026-04-09 01:59:56, EXEC, v:1, k:fup@loops, mode:FULL, rate:0, size:17
2026-04-09 02:03:16, EXEC, v:1, k:fup@loops, mode:FULL, rate:71, size:12
2026-04-09 02:03:31, EXEC, v:1, k:fup@loops, mode:FULL, rate:78, size:12
2026-04-09 02:03:29, MOVE, v:1, k:fup@loops, mode:EDIT
2026-04-09 02:03:30, MOVE, v:1, k:fup@loops, mode:EDIT
2026-04-09 02:04:38, EXEC, v:1, k:fup@loops, mode:FULL, rate:100, size:12
2026-04-09 02:04:43, MOVE, v:1, k:fup@loops, mode:BACK
2026-04-09 02:05:23, SELF, v:1, k:fup@loops, self:1, rate:100, concept:1, code:1
