2026-04-13 16:28:30, MOVE, v:1, k:fup@loop_i, mode:DOWN
2026-04-13 16:28:32, MOVE, v:1, k:fup@loop_i, mode:PICK
2026-04-13 16:29:38, EXEC, v:1, k:fup@loop_i, mode:FULL, rate:0, size:10
2026-04-13 16:30:27, EXEC, v:1, k:fup@loop_i, mode:FULL, rate:100, size:10
2026-04-13 16:30:33, MOVE, v:1, k:fup@loop_i, mode:BACK
2026-04-13 16:30:39, SELF, v:1, k:fup@loop_i, self:1, rate:100
2026-04-13 16:31:44, MOVE, v:1, k:fup@loop_ii, mode:DOWN
2026-04-13 16:31:45, MOVE, v:1, k:fup@loop_ii, mode:PICK
2026-04-13 16:35:24, EXEC, v:1, k:fup@loop_ii, mode:FULL, rate:0, size:13
2026-04-13 16:35:56, EXEC, v:1, k:fup@loop_ii, mode:FULL, rate:0, size:12
2026-04-13 16:36:07, EXEC, v:1, k:fup@loop_ii, mode:FULL, rate:0, size:12
2026-04-13 16:31:44, MOVE, v:1, k:fup@loop_ii, mode:EDIT
2026-04-13 16:31:44, MOVE, v:1, k:fup@loop_ii, mode:EDIT
2026-04-13 16:36:36, MOVE, v:1, k:fup@loop_ii, mode:EDIT
2026-04-13 16:36:07, MOVE, v:1, k:fup@loop_ii, mode:EDIT
2026-04-13 16:38:32, EXEC, v:1, k:fup@loop_ii, mode:FULL, rate:0, size:14
2026-04-13 16:38:49, EXEC, v:1, k:fup@loop_ii, mode:FULL, rate:0, size:14
2026-04-13 16:38:57, EXEC, v:1, k:fup@loop_ii, mode:FULL, rate:0, size:14
2026-04-13 16:39:40, EXEC, v:1, k:fup@loop_ii, mode:FULL, rate:0, size:15
2026-04-13 16:40:56, EXEC, v:1, k:fup@loop_ii, mode:FULL, rate:0, size:15
2026-04-13 16:41:07, EXEC, v:1, k:fup@loop_ii, mode:FULL, rate:0, size:15
2026-04-13 16:41:33, EXEC, v:1, k:fup@loop_ii, mode:FULL, rate:0, size:15
2026-04-13 16:41:32, MOVE, v:1, k:fup@loop_ii, mode:EDIT
2026-04-13 16:41:33, MOVE, v:1, k:fup@loop_ii, mode:EDIT
2026-04-13 16:41:51, EXEC, v:1, k:fup@loop_ii, mode:FULL, rate:0, size:15
2026-04-13 16:41:57, EXEC, v:1, k:fup@loop_ii, mode:FULL, rate:0, size:15
2026-04-13 16:42:11, EXEC, v:1, k:fup@loop_ii, mode:FULL, rate:100, size:15
2026-04-13 16:42:22, MOVE, v:1, k:fup@loop_ii, mode:BACK
2026-04-13 16:42:27, SELF, v:1, k:fup@loop_ii, self:1, rate:100
2026-04-13 16:44:47, MOVE, v:1, k:fup@loop_iii, mode:DOWN
2026-04-13 16:44:49, MOVE, v:1, k:fup@loop_iii, mode:PICK
2026-04-13 16:46:06, EXEC, v:1, k:fup@loop_iii, mode:FULL, rate:100, size:11
2026-04-13 16:47:35, MOVE, v:1, k:fup@loop_iii, mode:BACK
2026-04-13 16:47:42, SELF, v:1, k:fup@loop_iii, self:1, rate:100
2026-04-13 17:02:57, MOVE, v:1, k:eval1@bala, mode:DOWN
2026-04-13 17:02:58, MOVE, v:1, k:eval1@bala, mode:PICK
2026-04-13 17:02:57, MOVE, v:1, k:eval1@bala, mode:EDIT
2026-04-13 17:02:57, MOVE, v:1, k:eval1@bala, mode:EDIT
2026-04-13 17:07:26, MOVE, v:1, k:eval1@bala, mode:EDIT
2026-04-13 17:08:35, EXEC, v:1, k:eval1@bala, mode:FULL, rate:66, size:12
2026-04-13 17:10:27, EXEC, v:1, k:eval1@bala, mode:FULL, size:12, fail:COMP
2026-04-13 17:11:07, EXEC, v:1, k:eval1@bala, mode:FULL, rate:66, size:12
2026-04-13 17:12:24, MOVE, v:1, k:eval1@bala, mode:EDIT
2026-04-13 17:11:07, MOVE, v:1, k:eval1@bala, mode:EDIT
2026-04-13 17:12:30, EXEC, v:1, k:eval1@bala, mode:FULL, rate:100, size:12
2026-04-13 17:12:43, MOVE, v:1, k:eval1@bala, mode:BACK
2026-04-13 17:12:50, SELF, v:1, k:eval1@bala, self:1, rate:100
2026-04-13 17:14:05, MOVE, v:1, k:eval1@mumia, mode:DOWN
2026-04-13 17:14:09, MOVE, v:1, k:eval1@mumia, mode:PICK
2026-04-13 17:18:09, EXEC, v:1, k:eval1@mumia, mode:FULL, rate:100, size:20
2026-04-13 17:18:31, MOVE, v:1, k:eval1@mumia, mode:BACK
2026-04-13 17:18:48, SELF, v:1, k:eval1@mumia, self:1, rate:100
2026-04-13 17:25:43, MOVE, v:1, k:eval1@monica, mode:DOWN
2026-04-13 17:25:46, MOVE, v:1, k:eval1@monica, mode:PICK
2026-04-13 17:27:56, EXEC, v:1, k:eval1@monica, mode:FULL, rate:0, size:12
2026-04-13 17:29:40, EXEC, v:1, k:eval1@monica, mode:FULL, rate:62, size:14
2026-04-13 17:25:43, MOVE, v:1, k:eval1@monica, mode:EDIT
2026-04-13 17:25:43, MOVE, v:1, k:eval1@monica, mode:EDIT
2026-04-13 17:29:38, MOVE, v:1, k:eval1@monica, mode:EDIT
2026-04-13 17:29:39, MOVE, v:1, k:eval1@monica, mode:EDIT
2026-04-13 17:30:14, EXEC, v:1, k:eval1@monica, mode:FULL, rate:62, size:14
2026-04-13 17:30:35, EXEC, v:1, k:eval1@monica, mode:FULL, rate:0, size:14
2026-04-13 17:33:02, EXEC, v:1, k:eval1@monica, mode:FULL, rate:100, size:16
2026-04-13 17:33:33, MOVE, v:1, k:eval1@monica, mode:BACK
2026-04-13 17:33:38, SELF, v:1, k:eval1@monica, self:1, rate:100
2026-04-13 17:34:49, MOVE, v:1, k:eval1@pares, mode:DOWN
2026-04-13 17:34:50, MOVE, v:1, k:eval1@pares, mode:PICK
2026-04-13 17:39:06, EXEC, v:1, k:eval1@pares, mode:FULL, rate:42, size:13
2026-04-13 17:34:49, MOVE, v:1, k:eval1@pares, mode:EDIT
2026-04-13 17:34:49, MOVE, v:1, k:eval1@pares, mode:EDIT
2026-04-13 17:39:03, MOVE, v:1, k:eval1@pares, mode:EDIT
2026-04-13 17:39:06, MOVE, v:1, k:eval1@pares, mode:EDIT
2026-04-13 17:39:59, EXEC, v:1, k:eval1@pares, mode:FULL, rate:28, size:13
2026-04-13 17:40:43, EXEC, v:1, k:eval1@pares, mode:FULL, rate:0, size:13
2026-04-13 17:41:18, EXEC, v:1, k:eval1@pares, mode:FULL, rate:0, size:13
2026-04-13 17:41:51, EXEC, v:1, k:eval1@pares, mode:FULL, rate:0, size:10
2026-04-13 17:42:10, EXEC, v:1, k:eval1@pares, mode:FULL, rate:28, size:10
2026-04-13 17:43:11, EXEC, v:1, k:eval1@pares, mode:FULL, rate:42, size:12
2026-04-13 17:44:15, EXEC, v:1, k:eval1@pares, mode:FULL, rate:42, size:13
2026-04-13 17:44:35, EXEC, v:1, k:eval1@pares, mode:FULL, rate:14, size:13
2026-04-13 17:44:33, MOVE, v:1, k:eval1@pares, mode:EDIT
2026-04-13 17:44:35, MOVE, v:1, k:eval1@pares, mode:EDIT
2026-04-13 17:44:48, EXEC, v:1, k:eval1@pares, mode:FULL, rate:28, size:13
2026-04-13 17:45:21, EXEC, v:1, k:eval1@pares, mode:FULL, rate:42, size:12
2026-04-13 17:48:09, EXEC, v:1, k:eval1@pares, mode:FULL, rate:14, size:12
2026-04-13 17:48:34, EXEC, v:1, k:eval1@pares, mode:FULL, rate:42, size:12
2026-04-13 17:48:33, MOVE, v:1, k:eval1@pares, mode:EDIT
2026-04-13 17:48:34, MOVE, v:1, k:eval1@pares, mode:EDIT
2026-04-13 17:51:41, EXEC, v:1, k:eval1@pares, mode:FULL, rate:28, size:12
2026-04-13 17:52:31, EXEC, v:1, k:eval1@pares, mode:FULL, rate:42, size:12
2026-04-13 17:52:47, EXEC, v:1, k:eval1@pares, mode:FULL, rate:42, size:12
2026-04-13 17:53:10, EXEC, v:1, k:eval1@pares, mode:FULL, rate:14, size:12
2026-04-13 17:53:23, EXEC, v:1, k:eval1@pares, mode:FULL, rate:14, size:12
2026-04-13 17:53:59, EXEC, v:1, k:eval1@pares, mode:FULL, rate:0, size:12
2026-04-13 17:54:09, EXEC, v:1, k:eval1@pares, mode:FULL, rate:14, size:12
2026-04-13 17:54:08, MOVE, v:1, k:eval1@pares, mode:EDIT
2026-04-13 17:54:09, MOVE, v:1, k:eval1@pares, mode:EDIT
2026-04-13 17:59:30, EXEC, v:1, k:eval1@pares, mode:FULL, rate:0, size:14
2026-04-13 17:59:23, MOVE, v:1, k:eval1@pares, mode:EDIT
2026-04-13 17:59:30, MOVE, v:1, k:eval1@pares, mode:EDIT
2026-04-13 17:59:45, EXEC, v:1, k:eval1@pares, mode:FULL, rate:0, size:14
2026-04-13 18:00:14, EXEC, v:1, k:eval1@pares, mode:FULL, rate:0, size:14
2026-04-13 18:00:30, EXEC, v:1, k:eval1@pares, mode:FULL, rate:0, size:14
2026-04-13 18:00:43, EXEC, v:1, k:eval1@pares, mode:FULL, rate:0, size:14
2026-04-13 18:01:04, EXEC, v:1, k:eval1@pares, mode:FULL, rate:0, size:14
2026-04-13 18:01:19, EXEC, v:1, k:eval1@pares, mode:FULL, rate:0, size:14
2026-04-13 18:01:31, EXEC, v:1, k:eval1@pares, mode:FULL, rate:14, size:14
2026-04-13 18:01:42, EXEC, v:1, k:eval1@pares, mode:FULL, rate:14, size:14
2026-04-13 18:04:27, EXEC, v:1, k:eval1@pares, mode:FULL, rate:0, size:14
2026-04-13 18:04:40, EXEC, v:1, k:eval1@pares, mode:FULL, rate:0, size:14
2026-04-13 18:04:39, MOVE, v:1, k:eval1@pares, mode:EDIT
2026-04-13 18:04:40, MOVE, v:1, k:eval1@pares, mode:EDIT
2026-04-13 18:05:10, EXEC, v:1, k:eval1@pares, mode:FULL, rate:0, size:14
2026-04-13 18:06:03, EXEC, v:1, k:eval1@pares, mode:FULL, rate:0, size:14
2026-04-13 18:07:21, EXEC, v:1, k:eval1@pares, mode:FULL, rate:0, size:14
2026-04-13 18:08:56, EXEC, v:1, k:eval1@pares, mode:FULL, rate:28, size:13
2026-04-13 18:08:54, MOVE, v:1, k:eval1@pares, mode:EDIT
2026-04-13 18:08:56, MOVE, v:1, k:eval1@pares, mode:EDIT
2026-04-13 18:11:28, EXEC, v:1, k:eval1@pares, mode:FULL, rate:14, size:14
2026-04-13 18:14:15, EXEC, v:1, k:eval1@pares, mode:FULL, rate:0, size:15
2026-04-13 18:14:13, MOVE, v:1, k:eval1@pares, mode:EDIT
2026-04-13 18:14:14, MOVE, v:1, k:eval1@pares, mode:EDIT
2026-04-13 18:16:07, EXEC, v:1, k:eval1@pares, mode:FULL, rate:14, size:17
2026-04-13 18:16:26, EXEC, v:1, k:eval1@pares, mode:FULL, rate:0, size:18
2026-04-13 18:16:34, EXEC, v:1, k:eval1@pares, mode:FULL, rate:0, size:18
2026-04-13 18:17:32, EXEC, v:1, k:eval1@pares, mode:FULL, rate:85, size:17
2026-04-13 18:18:18, EXEC, v:1, k:eval1@pares, mode:FULL, rate:85, size:17
2026-04-13 18:18:29, EXEC, v:1, k:eval1@pares, mode:FULL, rate:100, size:18
2026-04-13 18:18:37, MOVE, v:1, k:eval1@pares, mode:BACK
2026-04-13 18:18:57, SELF, v:1, k:eval1@pares, self:1, rate:100
