2026-03-16 00:16:22, EXEC, v:1, k:fup@tres, mode:FULL, rate:0, size:8
2026-03-16 00:17:10, EXEC, v:1, k:fup@tres, mode:FULL, rate:0, size:7
2026-03-16 00:17:28, EXEC, v:1, k:fup@tres, mode:FULL, rate:0, size:7
2026-03-16 00:18:13, EXEC, v:1, k:fup@tres, mode:FULL, rate:100, size:7
2026-03-16 00:18:28, EXEC, v:1, k:fup@tres, mode:FREE
2026-03-16 00:19:20, MOVE, v:1, k:fup@tres, mode:BACK
2026-03-16 00:33:42, MOVE, v:1, k:fup@resto, mode:DOWN
2026-03-16 00:34:22, MOVE, v:1, k:fup@resto, mode:PICK
2026-03-16 00:34:24, EXEC, v:1, k:fup@resto, mode:FULL, rate:0, size:5
2026-03-16 00:38:15, EXEC, v:1, k:fup@resto, mode:FULL, rate:100, size:7
2026-03-16 00:38:24, MOVE, v:1, k:fup@resto, mode:BACK
2026-03-16 00:39:36, MOVE, v:1, k:fup@media, mode:DOWN
2026-03-16 00:39:41, MOVE, v:1, k:fup@media, mode:PICK
2026-03-16 00:39:41, EXEC, v:1, k:fup@media, mode:FULL, rate:0, size:5
2026-03-16 00:44:37, EXEC, v:1, k:fup@media, mode:FULL, rate:0, size:7
2026-03-16 00:45:01, EXEC, v:1, k:fup@media, mode:FULL, rate:0, size:7
2026-03-16 00:46:26, EXEC, v:1, k:fup@media, mode:FULL, rate:100, size:7
2026-03-16 00:46:31, MOVE, v:1, k:fup@media, mode:BACK
2026-03-16 00:47:23, MOVE, v:1, k:fup@sobrou, mode:DOWN
2026-03-16 00:47:32, MOVE, v:1, k:fup@sobrou, mode:PICK
2026-03-16 00:47:37, EXEC, v:1, k:fup@sobrou, mode:FULL, rate:0, size:5
2026-03-16 00:54:25, MOVE, v:1, k:fup@sobrou, mode:BACK
2026-03-16 00:59:56, SELF, v:1, k:fup@tres, self:1, rate:100, guided:1
2026-03-16 01:00:12, SELF, v:1, k:fup@resto, self:1, rate:100, guided:1
2026-03-16 01:00:34, SELF, v:1, k:fup@media, self:1, rate:100, guided:1
2026-03-16 01:03:41, MOVE, v:1, k:fup@sobrou, mode:PICK
2026-03-16 01:32:50, EXEC, v:1, k:fup@sobrou, mode:FULL, rate:0, size:17
2026-03-16 01:33:18, EXEC, v:1, k:fup@sobrou, mode:FULL, rate:100, size:17
2026-03-16 01:33:51, MOVE, v:1, k:fup@sobrou, mode:BACK
2026-03-16 01:34:09, SELF, v:1, k:fup@sobrou, self:1, rate:100, guided:1
2026-03-16 17:44:07, MOVE, v:1, k:fup@segundos, mode:DOWN
2026-03-16 17:44:14, MOVE, v:1, k:fup@segundos, mode:PICK
2026-03-16 18:05:49, EXEC, v:1, k:fup@segundos, mode:FULL, rate:0, size:8
2026-03-16 18:07:45, EXEC, v:1, k:fup@segundos, mode:FULL, rate:0, size:9
2026-03-16 18:10:28, EXEC, v:1, k:fup@segundos, mode:FULL, rate:0, size:9
2026-03-16 18:10:43, EXEC, v:1, k:fup@segundos, mode:FULL, rate:0, size:9
2026-03-16 18:11:40, EXEC, v:1, k:fup@segundos, mode:FULL, rate:0, size:9
2026-03-16 18:12:28, EXEC, v:1, k:fup@segundos, mode:FULL, rate:0, size:10
2026-03-16 18:12:53, EXEC, v:1, k:fup@segundos, mode:FULL, rate:0, size:10
2026-03-16 18:15:24, EXEC, v:1, k:fup@segundos, mode:FULL, rate:0, size:10
2026-03-16 18:15:46, EXEC, v:1, k:fup@segundos, mode:FULL, rate:0, size:10
2026-03-16 18:18:15, EXEC, v:1, k:fup@segundos, mode:FULL, rate:0, size:10
2026-03-16 18:19:30, EXEC, v:1, k:fup@segundos, mode:FULL, rate:0, size:10
2026-03-16 18:20:07, EXEC, v:1, k:fup@segundos, mode:FULL, rate:0, size:10
2026-03-16 18:20:32, EXEC, v:1, k:fup@segundos, mode:FULL, rate:0, size:10
2026-03-16 18:21:43, MOVE, v:1, k:fup@segundos, mode:BACK
2026-03-16 18:21:48, MOVE, v:1, k:fup@sobrou, mode:PICK
2026-03-16 18:22:11, EXEC, v:1, k:fup@sobrou, mode:FULL, rate:100
2026-03-16 18:24:51, MOVE, v:1, k:fup@sobrou, mode:BACK
2026-03-16 18:24:55, MOVE, v:1, k:fup@segundos, mode:PICK
2026-03-16 18:26:42, MOVE, v:1, k:fup@segundos, mode:BACK
