2026-03-24 15:16:28, MOVE, v:1, k:fup@quebrada, mode:DOWN
2026-03-24 15:16:39, MOVE, v:1, k:fup@calc, mode:PICK
2026-03-24 15:18:59, EXEC, v:1, k:fup@calc, mode:FULL, rate:100, size:19
2026-03-24 15:19:04, MOVE, v:1, k:fup@calc, mode:BACK
2026-03-24 15:19:16, SELF, v:1, k:fup@calc, self:1, rate:100
2026-03-24 16:41:46, MOVE, v:1, k:fup@quebrada, mode:PICK
2026-03-24 16:41:48, EXEC, v:1, k:fup@quebrada, mode:FREE, size:5
2026-03-24 16:42:28, EXEC, v:1, k:fup@quebrada, mode:FREE
2026-03-24 16:42:33, MOVE, v:1, k:fup@quebrada, mode:BACK
2026-03-24 16:42:35, MOVE, v:1, k:fup@quebrada, mode:PICK
2026-03-24 16:42:37, EXEC, v:1, k:fup@quebrada, mode:FREE
2026-03-24 16:42:51, MOVE, v:1, k:fup@quebrada, mode:BACK
2026-03-24 16:42:55, MOVE, v:1, k:fup@bala, mode:PICK
2026-03-24 16:42:57, EXEC, v:1, k:fup@bala, mode:FULL, rate:100
2026-03-24 16:42:59, MOVE, v:1, k:fup@bala, mode:BACK
2026-03-24 16:43:32, MOVE, v:1, k:fup@quebrada, mode:PICK
2026-03-24 16:43:35, EXEC, v:1, k:fup@quebrada, mode:FREE
2026-03-24 16:58:34, EXEC, v:1, k:fup@quebrada, mode:FULL, rate:0, size:9
2026-03-24 17:00:02, EXEC, v:1, k:fup@quebrada, mode:FULL, rate:0, size:9
2026-03-24 17:01:43, EXEC, v:1, k:fup@quebrada, mode:FULL, rate:0, size:10
2026-03-24 17:02:22, EXEC, v:1, k:fup@quebrada, mode:FULL, rate:0, size:9
2026-03-24 17:06:57, EXEC, v:1, k:fup@quebrada, mode:FULL, rate:0, size:10
2026-03-24 17:17:31, EXEC, v:1, k:fup@quebrada, mode:FULL, rate:100, size:16
2026-03-24 17:17:41, MOVE, v:1, k:fup@quebrada, mode:BACK
2026-03-24 17:17:57, SELF, v:1, k:fup@quebrada, self:1, rate:100
2026-03-24 17:18:03, MOVE, v:1, k:fup@operacoes, mode:DOWN
2026-03-24 17:18:07, MOVE, v:1, k:fup@operacoes, mode:PICK
2026-03-24 17:18:08, EXEC, v:1, k:fup@operacoes, mode:FREE, size:5
2026-03-24 17:24:34, EXEC, v:1, k:fup@operacoes, mode:FULL, rate:0, size:7
2026-03-24 17:25:12, EXEC, v:1, k:fup@operacoes, mode:FULL, rate:0, size:10
2026-03-24 17:25:38, EXEC, v:1, k:fup@operacoes, mode:FULL, rate:0, size:11
2026-03-24 17:27:56, EXEC, v:1, k:fup@operacoes, mode:FULL, rate:0, size:11
2026-03-24 17:28:14, EXEC, v:1, k:fup@operacoes, mode:FULL, rate:0, size:11
2026-03-24 17:32:03, EXEC, v:1, k:fup@operacoes, mode:FULL, rate:0
2026-03-24 17:34:24, MOVE, v:1, k:fup@operacoes, mode:BACK
2026-03-24 17:35:16, SELF, v:1, k:fup@bala, self:1, rate:100, friend:Hanna, guided:1
