2026-03-31 00:00:58, EXEC, v:1, k:fup@cortada, mode:FULL, rate:100, size:17
2026-03-31 00:03:03, MOVE, v:1, k:fup@cortada, mode:BACK
2026-03-31 00:03:13, SELF, v:1, k:fup@cortada, self:1, rate:100
2026-03-31 16:40:53, MOVE, v:1, k:fup@monica, mode:DOWN
2026-03-31 16:40:55, MOVE, v:1, k:fup@monica, mode:PICK
2026-03-31 16:50:56, EXEC, v:1, k:fup@monica, mode:FULL, rate:0, size:15
2026-03-31 16:51:25, EXEC, v:1, k:fup@monica, mode:FULL, rate:0, size:15
2026-03-31 16:51:46, EXEC, v:1, k:fup@monica, mode:FULL, rate:58, size:15
2026-03-31 16:52:18, EXEC, v:1, k:fup@monica, mode:FULL, rate:16, size:15
2026-03-31 16:52:27, EXEC, v:1, k:fup@monica, mode:FULL, rate:58, size:15
2026-03-31 16:56:12, EXEC, v:1, k:fup@monica, mode:FULL, rate:58
2026-03-31 17:04:21, EXEC, v:1, k:fup@monica, mode:FULL, rate:100, size:15
2026-03-31 17:04:38, MOVE, v:1, k:fup@monica, mode:BACK
2026-03-31 17:04:46, SELF, v:1, k:fup@monica, self:1, rate:100
2026-03-31 17:06:27, MOVE, v:1, k:fup@goiabas, mode:DOWN
2026-03-31 17:06:28, MOVE, v:1, k:fup@goiabas, mode:PICK
2026-03-31 17:10:15, EXEC, v:1, k:fup@goiabas, mode:FULL, size:20, fail:COMP
2026-03-31 17:10:35, EXEC, v:1, k:fup@goiabas, mode:FULL, rate:0, size:21
2026-03-31 17:12:44, EXEC, v:1, k:fup@goiabas, mode:FULL, rate:0, size:21
2026-03-31 17:12:53, EXEC, v:1, k:fup@goiabas, mode:FULL, rate:0, size:21
2026-03-31 17:22:52, EXEC, v:1, k:fup@goiabas, mode:FULL, rate:25, size:17
2026-03-31 17:24:22, EXEC, v:1, k:fup@goiabas, mode:FULL, rate:100, size:20
2026-03-31 17:24:42, EXEC, v:1, k:fup@goiabas, mode:FULL, rate:25, size:20
2026-03-31 17:25:11, EXEC, v:1, k:fup@goiabas, mode:FULL, rate:100, size:20
2026-03-31 17:25:14, MOVE, v:1, k:fup@goiabas, mode:BACK
2026-03-31 17:25:21, SELF, v:1, k:fup@goiabas, self:1, rate:100
