2026-04-06 16:37:30, MOVE, v:1, k:fup@impedido, mode:DOWN
2026-04-06 16:37:32, MOVE, v:1, k:fup@impedido, mode:PICK
2026-04-06 16:42:17, EXEC, v:1, k:fup@impedido, mode:FULL, rate:0, size:9
2026-04-06 16:43:07, EXEC, v:1, k:fup@impedido, mode:FULL, rate:14, size:9
2026-04-06 16:44:46, EXEC, v:1, k:fup@impedido, mode:FULL, rate:14, size:15
2026-04-06 16:53:58, EXEC, v:1, k:fup@impedido, mode:FULL, rate:71, size:11
2026-04-06 16:54:16, EXEC, v:1, k:fup@impedido, mode:FULL, rate:100, size:11
2026-04-06 16:54:27, MOVE, v:1, k:fup@impedido, mode:BACK
2026-04-06 16:54:37, SELF, v:1, k:fup@impedido, self:1, rate:100
2026-04-06 16:59:10, MOVE, v:1, k:fup@maximo, mode:DOWN
2026-04-06 16:59:14, MOVE, v:1, k:fup@maximo, mode:PICK
2026-04-06 17:00:35, EXEC, v:1, k:fup@maximo, mode:FULL, rate:100, size:11
2026-04-06 17:01:05, MOVE, v:1, k:fup@maximo, mode:BACK
2026-04-06 17:01:11, SELF, v:1, k:fup@maximo, self:1, rate:100
2026-04-06 17:01:24, MOVE, v:1, k:fup@maximo, mode:PICK
2026-04-06 17:01:30, EXEC, v:1, k:fup@maximo, mode:FULL, rate:100
2026-04-06 17:01:40, EXEC, v:1, k:fup@maximo, mode:FULL, rate:0, size:11
2026-04-06 17:01:57, EXEC, v:1, k:fup@maximo, mode:FULL, rate:100, size:11
2026-04-06 17:01:59, MOVE, v:1, k:fup@maximo, mode:BACK
2026-04-06 17:02:10, SELF, v:1, k:fup@maximo, self:1, rate:100
