2026-04-07 01:32:24, MOVE, v:1, k:fup@morangos, mode:PICK
2026-04-07 01:35:51, EXEC, v:1, k:fup@morangos, mode:FULL, rate:0, size:16
2026-04-07 01:36:21, EXEC, v:1, k:fup@morangos, mode:FULL, rate:0, size:14
2026-04-07 01:36:45, EXEC, v:1, k:fup@morangos, mode:FULL, rate:0, size:14
2026-04-07 01:37:05, EXEC, v:1, k:fup@morangos, mode:FULL, rate:0, size:14
2026-04-07 01:37:22, EXEC, v:1, k:fup@morangos, mode:FULL, rate:100, size:14
2026-04-07 01:37:31, MOVE, v:1, k:fup@morangos, mode:BACK
2026-04-07 01:37:48, SELF, v:1, k:fup@morangos, self:1, rate:100, concept:1
2026-04-07 01:40:48, MOVE, v:1, k:fup@maior, mode:DOWN
2026-04-07 01:40:50, MOVE, v:1, k:fup@maior, mode:PICK
2026-04-07 01:46:47, EXEC, v:1, k:fup@maior, mode:FULL, rate:0, size:16
2026-04-07 01:47:06, EXEC, v:1, k:fup@maior, mode:FULL, rate:0, size:17
2026-04-07 01:47:22, EXEC, v:1, k:fup@maior, mode:FULL, rate:0, size:17
2026-04-07 01:48:02, EXEC, v:1, k:fup@maior, mode:FULL, rate:40, size:19
2026-04-07 01:48:58, EXEC, v:1, k:fup@maior, mode:FULL, rate:40, size:19
2026-04-07 01:49:25, EXEC, v:1, k:fup@maior, mode:FULL, rate:40, size:15
2026-04-07 01:53:15, EXEC, v:1, k:fup@maior, mode:FULL, rate:40, size:17
2026-04-07 01:53:47, EXEC, v:1, k:fup@maior, mode:FULL, rate:0, size:15
2026-04-07 01:54:14, MOVE, v:1, k:fup@maior, mode:PICK
2026-04-07 01:55:25, EXEC, v:1, k:fup@maior, mode:FULL, rate:100, size:19
2026-04-07 01:56:35, MOVE, v:1, k:fup@maior, mode:BACK
2026-04-07 01:58:02, SELF, v:1, k:fup@maior, self:1, rate:100, concept:1, problem:1, refactor:1
