2026-03-25 17:22:00, MOVE, v:1, k:fup@operacoes, mode:PICK
2026-03-25 17:22:02, EXEC, v:1, k:fup@operacoes, mode:FREE
2026-03-25 17:29:54, EXEC, v:1, k:fup@operacoes, mode:FULL, rate:0, size:13
2026-03-25 17:31:58, EXEC, v:1, k:fup@operacoes, mode:FULL, rate:100, size:13
2026-03-25 17:32:09, MOVE, v:1, k:fup@operacoes, mode:BACK
2026-03-25 17:32:44, MOVE, v:1, k:fup@data, mode:DOWN
2026-03-25 17:32:51, MOVE, v:1, k:fup@data, mode:PICK
2026-03-25 17:38:20, EXEC, v:1, k:fup@data, mode:FULL, rate:0, size:12
2026-03-25 17:38:37, EXEC, v:1, k:fup@data, mode:FULL, rate:0, size:12
2026-03-25 17:38:54, EXEC, v:1, k:fup@data, mode:FULL, rate:0, size:12
2026-03-25 17:39:00, EXEC, v:1, k:fup@data, mode:FULL, rate:0
2026-03-25 17:39:53, EXEC, v:1, k:fup@data, mode:FULL, rate:100, size:12
2026-03-25 17:40:12, MOVE, v:1, k:fup@data, mode:BACK
2026-03-25 17:40:22, MOVE, v:1, k:fup@data, mode:PICK
2026-03-25 17:40:35, EXEC, v:1, k:fup@data, mode:FULL, rate:0, size:12
2026-03-25 17:45:07, EXEC, v:1, k:fup@data, mode:FULL, rate:100, size:12
2026-03-25 17:45:10, MOVE, v:1, k:fup@data, mode:BACK
2026-03-25 17:47:50, MOVE, v:1, k:fup@opala, mode:DOWN
2026-03-25 17:47:58, MOVE, v:1, k:fup@opala, mode:PICK
2026-03-25 18:10:08, EXEC, v:1, k:fup@opala, mode:FULL, rate:0, size:15
2026-03-25 18:10:58, EXEC, v:1, k:fup@opala, mode:FULL, rate:0, size:15
2026-03-25 18:11:10, EXEC, v:1, k:fup@opala, mode:FULL, rate:0, size:15
2026-03-25 18:19:40, EXEC, v:1, k:fup@opala, mode:FULL, rate:0
2026-03-25 18:21:46, EXEC, v:1, k:fup@opala, mode:FULL, rate:0, size:15
2026-03-25 18:21:50, EXEC, v:1, k:fup@opala, mode:FULL, rate:0
2026-03-25 18:28:48, EXEC, v:1, k:fup@opala, mode:FULL, rate:100, size:14
2026-03-25 18:29:17, MOVE, v:1, k:fup@opala, mode:BACK
2026-03-25 18:29:24, MOVE, v:1, k:fup@tv, mode:DOWN
2026-03-25 18:29:29, MOVE, v:1, k:fup@tv, mode:PICK
2026-03-25 18:30:23, MOVE, v:1, k:fup@tv, mode:BACK
2026-03-25 18:30:48, SELF, v:1, k:fup@operacoes, self:1, rate:100, guided:1
2026-03-25 18:31:03, SELF, v:1, k:fup@data, self:1, rate:100, guided:1
2026-03-25 18:31:21, SELF, v:1, k:fup@opala, self:1, rate:100, guided:1, problem:1
