2026-03-23 00:12:17, MOVE, v:1, k:fup@pintando, mode:PICK
2026-03-23 00:12:35, EXEC, v:1, k:fup@pintando, mode:FULL, size:11, fail:COMP
2026-03-23 00:18:50, EXEC, v:1, k:fup@pintando, mode:FULL, rate:0, size:11
2026-03-23 00:23:50, EXEC, v:1, k:fup@pintando, mode:FULL, size:11, fail:COMP
2026-03-23 00:25:17, EXEC, v:1, k:fup@pintando, mode:FULL, size:11, fail:COMP
2026-03-23 00:25:54, EXEC, v:1, k:fup@pintando, mode:FULL, size:12, fail:COMP
2026-03-23 00:28:00, MOVE, v:1, k:fup@pintando, mode:PICK
2026-03-23 00:28:10, EXEC, v:1, k:fup@pintando, mode:FULL, rate:100, size:12
2026-03-23 00:28:57, MOVE, v:1, k:fup@pintando, mode:BACK
2026-03-23 00:30:00, SELF, v:1, k:fup@celsius, self:1, rate:100, concept:1, problem:1
2026-03-23 00:30:45, SELF, v:1, k:fup@pintando, self:1, rate:100, friend:Hanna, guided:1
2026-03-23 00:31:34, MOVE, v:1, k:fup@bala, mode:DOWN
2026-03-23 00:31:40, MOVE, v:1, k:fup@bala, mode:PICK
2026-03-23 01:08:36, EXEC, v:1, k:fup@bala, mode:FULL, rate:16, size:11
2026-03-23 01:13:27, EXEC, v:1, k:fup@bala, mode:FULL, rate:100, size:11
2026-03-23 01:14:21, EXEC, v:1, k:fup@bala, mode:FULL, rate:100, size:11
2026-03-23 01:14:40, MOVE, v:1, k:fup@bala, mode:BACK
2026-03-23 01:15:04, SELF, v:1, k:fup@bala, self:1, rate:100, friend:Hanna, guided:1
2026-03-23 16:42:03, MOVE, v:1, k:fup@abs, mode:DOWN
2026-03-23 16:42:08, MOVE, v:1, k:fup@abs, mode:PICK
2026-03-23 16:49:07, EXEC, v:1, k:fup@abs, mode:FULL, rate:0, size:13
2026-03-23 16:49:32, EXEC, v:1, k:fup@abs, mode:FULL, rate:0, size:13
2026-03-23 16:49:59, EXEC, v:1, k:fup@abs, mode:FULL, rate:0, size:13
2026-03-23 16:50:06, EXEC, v:1, k:fup@abs, mode:FULL, rate:0, size:13
2026-03-23 16:50:19, EXEC, v:1, k:fup@abs, mode:FULL, rate:0, size:13
2026-03-23 16:50:29, EXEC, v:1, k:fup@abs, mode:FULL, rate:0, size:13
2026-03-23 16:51:03, EXEC, v:1, k:fup@abs, mode:FULL, rate:100, size:13
2026-03-23 16:51:48, MOVE, v:1, k:fup@abs, mode:BACK
2026-03-23 16:51:54, MOVE, v:1, k:fup@max, mode:DOWN
2026-03-23 16:51:57, MOVE, v:1, k:fup@max, mode:PICK
2026-03-23 16:54:26, EXEC, v:1, k:fup@max, mode:FULL, rate:0, size:12
2026-03-23 16:54:34, EXEC, v:1, k:fup@max, mode:FULL, rate:100, size:12
2026-03-23 16:55:09, MOVE, v:1, k:fup@max, mode:BACK
2026-03-23 16:55:13, MOVE, v:1, k:fup@ou, mode:DOWN
2026-03-23 16:55:15, MOVE, v:1, k:fup@ou, mode:PICK
2026-03-23 16:58:33, EXEC, v:1, k:fup@ou, mode:FULL, rate:0, size:12
2026-03-23 16:58:45, EXEC, v:1, k:fup@ou, mode:FULL, rate:100, size:12
2026-03-23 16:59:13, EXEC, v:1, k:fup@ou, mode:FULL, rate:100
2026-03-23 16:59:15, MOVE, v:1, k:fup@ou, mode:BACK
2026-03-23 16:59:19, MOVE, v:1, k:fup@positivo, mode:DOWN
2026-03-23 16:59:20, MOVE, v:1, k:fup@positivo, mode:PICK
2026-03-23 17:01:30, EXEC, v:1, k:fup@positivo, mode:FULL, rate:60, size:9
2026-03-23 17:02:15, EXEC, v:1, k:fup@positivo, mode:FULL, rate:100, size:11
2026-03-23 17:02:26, MOVE, v:1, k:fup@positivo, mode:BACK
2026-03-23 17:02:44, MOVE, v:1, k:fup@multiplo, mode:DOWN
2026-03-23 17:02:45, MOVE, v:1, k:fup@multiplo, mode:PICK
2026-03-23 17:06:58, EXEC, v:1, k:fup@multiplo, mode:FULL, size:13, fail:COMP
2026-03-23 17:08:18, EXEC, v:1, k:fup@multiplo, mode:FULL, rate:0, size:13
2026-03-23 17:08:26, EXEC, v:1, k:fup@multiplo, mode:FULL, rate:100, size:12
2026-03-23 17:08:40, MOVE, v:1, k:fup@multiplo, mode:BACK
2026-03-23 17:08:44, MOVE, v:1, k:fup@calc, mode:DOWN
2026-03-23 17:08:48, MOVE, v:1, k:fup@calc, mode:PICK
2026-03-23 17:27:46, EXEC, v:1, k:fup@calc, mode:FULL, size:17, fail:COMP
2026-03-23 17:38:08, EXEC, v:1, k:fup@calc, mode:FULL, rate:0, size:16
2026-03-23 17:38:58, EXEC, v:1, k:fup@calc, mode:FULL, rate:0, size:16
2026-03-23 17:40:20, EXEC, v:1, k:fup@calc, mode:FULL, rate:0, size:17
2026-03-23 17:40:40, EXEC, v:1, k:fup@calc, mode:FULL, rate:0, size:16
2026-03-23 17:41:39, EXEC, v:1, k:fup@calc, mode:FULL, rate:0, size:18
2026-03-23 17:43:45, EXEC, v:1, k:fup@calc, mode:FULL, rate:0, size:21
2026-03-23 17:44:04, MOVE, v:1, k:fup@calc, mode:PICK
2026-03-23 17:44:15, EXEC, v:1, k:fup@calc, mode:FULL, rate:0
2026-03-23 17:44:56, EXEC, v:1, k:fup@calc, mode:FULL, rate:0, size:21
2026-03-23 17:45:18, EXEC, v:1, k:fup@calc, mode:FULL, rate:0, size:21
2026-03-23 17:45:59, MOVE, v:1, k:fup@calc, mode:BACK
2026-03-23 17:52:35, SELF, v:1, k:fup@abs, self:1, rate:100
2026-03-23 17:52:48, SELF, v:1, k:fup@max, self:1, rate:100
2026-03-23 17:52:57, SELF, v:1, k:fup@ou, self:1, rate:100
2026-03-23 17:53:04, SELF, v:1, k:fup@positivo, self:1, rate:100
2026-03-23 17:53:12, SELF, v:1, k:fup@multiplo, self:1, rate:100
2026-03-23 18:03:30, MOVE, v:1, k:fup@calc, mode:PICK
2026-03-23 18:03:59, EXEC, v:1, k:fup@calc, mode:FULL, rate:0, size:22
2026-03-23 18:04:21, EXEC, v:1, k:fup@calc, mode:FULL, rate:0, size:22
2026-03-23 18:06:57, MOVE, v:1, k:fup@calc, mode:BACK
2026-03-23 18:07:00, MOVE, v:1, k:fup@guarda, mode:DOWN
2026-03-23 18:07:02, MOVE, v:1, k:fup@guarda, mode:PICK
2026-03-23 18:07:53, MOVE, v:1, k:fup@guarda, mode:BACK
