2026-03-29 17:45:56, MOVE, v:1, k:fup@impar, mode:DOWN
2026-03-29 17:45:58, MOVE, v:1, k:fup@impar, mode:PICK
2026-03-29 18:16:58, EXEC, v:1, k:fup@impar, mode:FULL, rate:78, size:19
2026-03-29 18:18:07, EXEC, v:1, k:fup@impar, mode:FREE
2026-03-29 18:19:49, MOVE, v:1, k:fup@impar, mode:BACK
2026-03-29 18:20:10, MOVE, v:1, k:fup@impar, mode:PICK
2026-03-29 18:20:16, EXEC, v:1, k:fup@impar, mode:FULL, rate:78
2026-03-29 18:23:20, EXEC, v:1, k:fup@impar, mode:FULL, rate:64, size:19
2026-03-29 18:23:29, EXEC, v:1, k:fup@impar, mode:FULL, rate:100, size:19
2026-03-29 18:23:53, MOVE, v:1, k:fup@impar, mode:BACK
2026-03-29 18:25:15, SELF, v:1, k:fup@impar, self:1, rate:100, concept:1, problem:1
2026-03-29 18:28:01, MOVE, v:1, k:fup@round, mode:DOWN
2026-03-29 18:28:04, MOVE, v:1, k:fup@round, mode:PICK
2026-03-29 18:35:04, MOVE, v:1, k:fup@round, mode:BACK
2026-03-29 18:35:08, MOVE, v:1, k:fup@mumia, mode:DOWN
2026-03-29 18:35:09, MOVE, v:1, k:fup@mumia, mode:PICK
2026-03-29 18:45:31, EXEC, v:1, k:fup@mumia, mode:FULL, rate:0, size:18
2026-03-29 18:45:58, EXEC, v:1, k:fup@mumia, mode:FULL, rate:0, size:18
2026-03-29 18:46:47, EXEC, v:1, k:fup@mumia, mode:FULL, rate:0, size:18
2026-03-29 18:47:15, EXEC, v:1, k:fup@mumia, mode:FULL, rate:0, size:18
2026-03-29 18:52:30, EXEC, v:1, k:fup@mumia, mode:FULL, rate:0, size:20
2026-03-29 18:53:36, EXEC, v:1, k:fup@mumia, mode:FULL, rate:22, size:20
2026-03-29 18:53:57, EXEC, v:1, k:fup@mumia, mode:FULL, rate:88, size:20
2026-03-29 18:54:35, EXEC, v:1, k:fup@mumia, mode:FULL, rate:88, size:20
2026-03-29 18:54:47, EXEC, v:1, k:fup@mumia, mode:FULL, rate:100, size:20
2026-03-29 18:54:52, MOVE, v:1, k:fup@mumia, mode:BACK
2026-03-29 18:55:49, SELF, v:1, k:fup@mumia, self:1, rate:100, concept:1, problem:1, refactor:1
2026-03-29 18:58:34, MOVE, v:1, k:fup@round, mode:DOWN
2026-03-29 18:58:39, MOVE, v:1, k:fup@round, mode:DOWN
2026-03-29 18:58:51, MOVE, v:1, k:fup@round, mode:DOWN
2026-03-29 18:58:52, MOVE, v:1, k:fup@round, mode:DOWN
2026-03-29 18:58:52, MOVE, v:1, k:fup@round, mode:DOWN
2026-03-29 18:58:58, MOVE, v:1, k:fup@round, mode:DOWN
2026-03-29 19:02:38, MOVE, v:1, k:fup@round, mode:DOWN
2026-03-29 19:08:07, MOVE, v:1, k:fup@meio, mode:DOWN
2026-03-29 19:08:11, MOVE, v:1, k:fup@meio, mode:PICK
2026-03-29 19:13:19, EXEC, v:1, k:fup@meio, mode:FULL, rate:0, size:14
2026-03-29 19:13:45, EXEC, v:1, k:fup@meio, mode:FULL, rate:0, size:14
2026-03-29 19:18:12, EXEC, v:1, k:fup@meio, mode:FULL, rate:60, size:16
2026-03-29 19:18:43, EXEC, v:1, k:fup@meio, mode:FULL, rate:100, size:16
2026-03-29 19:19:24, MOVE, v:1, k:fup@meio, mode:BACK
2026-03-29 19:20:34, SELF, v:1, k:fup@meio, self:1, rate:100, guided:1, concept:1, problem:1, refactor:1
2026-03-29 19:20:39, MOVE, v:1, k:fup@jokenpo, mode:DOWN
